{"numFailedTestSuites":0,"numFailedTests":0,"numPassedTestSuites":1,"numPassedTests":50,"numPendingTestSuites":0,"numPendingTests":0,"numRuntimeErrorTestSuites":0,"numTodoTests":0,"numTotalTestSuites":1,"numTotalTests":50,"openHandles":[],"snapshot":{"added":0,"didUpdate":false,"failure":false,"filesAdded":0,"filesRemoved":0,"filesRemovedList":[],"filesUnmatched":0,"filesUpdated":0,"matched":0,"total":0,"unchecked":0,"uncheckedKeysByFile":[],"unmatched":0,"updated":0},"startTime":1777550206332,"success":true,"testResults":[{"assertionResults":[{"ancestorTitles":["1. Cursos Instructor - CRUD"],"duration":2,"failing":false,"failureDetails":[],"failureMessages":[],"fullName":"1. Cursos Instructor - CRUD 1.1 POST - Crear curso exitoso","invocations":1,"location":null,"numPassingAsserts":1,"retryReasons":[],"startAt":1777550208378,"status":"passed","title":"1.1 POST - Crear curso exitoso"},{"ancestorTitles":["1. Cursos Instructor - CRUD"],"duration":1,"failing":false,"failureDetails":[],"failureMessages":[],"fullName":"1. Cursos Instructor - CRUD 1.2 POST - Validar título no vacío","invocations":1,"location":null,"numPassingAsserts":1,"retryReasons":[],"startAt":1777550208380,"status":"passed","title":"1.2 POST - Validar título no vacío"},{"ancestorTitles":["1. Cursos Instructor - CRUD"],"duration":1,"failing":false,"failureDetails":[],"failureMessages":[],"fullName":"1. Cursos Instructor - CRUD 1.3 POST - Validar precio positivo","invocations":1,"location":null,"numPassingAsserts":1,"retryReasons":[],"startAt":1777550208381,"status":"passed","title":"1.3 POST - Validar precio positivo"},{"ancestorTitles":["1. Cursos Instructor - CRUD"],"duration":1,"failing":false,"failureDetails":[],"failureMessages":[],"fullName":"1. Cursos Instructor - CRUD 1.4 GET - Obtener cursos del instructor","invocations":1,"location":null,"numPassingAsserts":1,"retryReasons":[],"startAt":1777550208382,"status":"passed","title":"1.4 GET - Obtener cursos del instructor"},{"ancestorTitles":["1. Cursos Instructor - CRUD"],"duration":1,"failing":false,"failureDetails":[],"failureMessages":[],"fullName":"1. Cursos Instructor - CRUD 1.5 GET - Retornar vacío si no hay cursos","invocations":1,"location":null,"numPassingAsserts":1,"retryReasons":[],"startAt":1777550208383,"status":"passed","title":"1.5 GET - Retornar vacío si no hay cursos"},{"ancestorTitles":["1. Cursos Instructor - CRUD"],"duration":1,"failing":false,"failureDetails":[],"failureMessages":[],"fullName":"1. Cursos Instructor - CRUD 1.6 GET - Filtrar por cursoId","invocations":1,"location":null,"numPassingAsserts":1,"retryReasons":[],"startAt":1777550208384,"status":"passed","title":"1.6 GET - Filtrar por cursoId"},{"ancestorTitles":["1. Cursos Instructor - CRUD"],"duration":0,"failing":false,"failureDetails":[],"failureMessages":[],"fullName":"1. Cursos Instructor - CRUD 1.7 PUT - Actualizar curso existente","invocations":1,"location":null,"numPassingAsserts":1,"retryReasons":[],"startAt":1777550208385,"status":"passed","title":"1.7 PUT - Actualizar curso existente"},{"ancestorTitles":["1. Cursos Instructor - CRUD"],"duration":1,"failing":false,"failureDetails":[],"failureMessages":[],"fullName":"1. Cursos Instructor - CRUD 1.8 PUT - Validar nivel válido","invocations":1,"location":null,"numPassingAsserts":1,"retryReasons":[],"startAt":1777550208385,"status":"passed","title":"1.8 PUT - Validar nivel válido"},{"ancestorTitles":["1. Cursos Instructor - CRUD"],"duration":0,"failing":false,"failureDetails":[],"failureMessages":[],"fullName":"1. Cursos Instructor - CRUD 1.9 DELETE - Eliminar curso exitoso","invocations":1,"location":null,"numPassingAsserts":1,"retryReasons":[],"startAt":1777550208386,"status":"passed","title":"1.9 DELETE - Eliminar curso exitoso"},{"ancestorTitles":["1. Cursos Instructor - CRUD"],"duration":1,"failing":false,"failureDetails":[],"failureMessages":[],"fullName":"1. Cursos Instructor - CRUD 1.10 DELETE - Verificar estudiantes antes de eliminar","invocations":1,"location":null,"numPassingAsserts":1,"retryReasons":[],"startAt":1777550208386,"status":"passed","title":"1.10 DELETE - Verificar estudiantes antes de eliminar"},{"ancestorTitles":["1. Cursos Instructor - CRUD"],"duration":0,"failing":false,"failureDetails":[],"failureMessages":[],"fullName":"1. Cursos Instructor - CRUD 1.11 GET - Verificar usuario es instructor","invocations":1,"location":null,"numPassingAsserts":1,"retryReasons":[],"startAt":1777550208387,"status":"passed","title":"1.11 GET - Verificar usuario es instructor"},{"ancestorTitles":["1. Cursos Instructor - CRUD"],"duration":1,"failing":false,"failureDetails":[],"failureMessages":[],"fullName":"1. Cursos Instructor - CRUD 1.12 POST - Rechazar si no es instructor","invocations":1,"location":null,"numPassingAsserts":1,"retryReasons":[],"startAt":1777550208387,"status":"passed","title":"1.12 POST - Rechazar si no es instructor"},{"ancestorTitles":["2. Lecciones Instructor - CRUD"],"duration":0,"failing":false,"failureDetails":[],"failureMessages":[],"fullName":"2. Lecciones Instructor - CRUD 2.1 POST - Crear lección exitosa","invocations":1,"location":null,"numPassingAsserts":1,"retryReasons":[],"startAt":1777550208388,"status":"passed","title":"2.1 POST - Crear lección exitosa"},{"ancestorTitles":["2. Lecciones Instructor - CRUD"],"duration":0,"failing":false,"failureDetails":[],"failureMessages":[],"fullName":"2. Lecciones Instructor - CRUD 2.2 POST - Validar título no vacío","invocations":1,"location":null,"numPassingAsserts":1,"retryReasons":[],"startAt":1777550208389,"status":"passed","title":"2.2 POST - Validar título no vacío"},{"ancestorTitles":["2. Lecciones Instructor - CRUD"],"duration":0,"failing":false,"failureDetails":[],"failureMessages":[],"fullName":"2. Lecciones Instructor - CRUD 2.3 POST - Validar duración positiva","invocations":1,"location":null,"numPassingAsserts":1,"retryReasons":[],"startAt":1777550208389,"status":"passed","title":"2.3 POST - Validar duración positiva"},{"ancestorTitles":["2. Lecciones Instructor - CRUD"],"duration":0,"failing":false,"failureDetails":[],"failureMessages":[],"fullName":"2. Lecciones Instructor - CRUD 2.4 GET - Obtener lecciones del curso","invocations":1,"location":null,"numPassingAsserts":1,"retryReasons":[],"startAt":1777550208390,"status":"passed","title":"2.4 GET - Obtener lecciones del curso"},{"ancestorTitles":["2. Lecciones Instructor - CRUD"],"duration":0,"failing":false,"failureDetails":[],"failureMessages":[],"fullName":"2. Lecciones Instructor - CRUD 2.5 GET - Obtener lección por ID","invocations":1,"location":null,"numPassingAsserts":1,"retryReasons":[],"startAt":1777550208390,"status":"passed","title":"2.5 GET - Obtener lección por ID"},{"ancestorTitles":["2. Lecciones Instructor - CRUD"],"duration":1,"failing":false,"failureDetails":[],"failureMessages":[],"fullName":"2. Lecciones Instructor - CRUD 2.6 GET - Ordenar por orden","invocations":1,"location":null,"numPassingAsserts":1,"retryReasons":[],"startAt":1777550208390,"status":"passed","title":"2.6 GET - Ordenar por orden"},{"ancestorTitles":["2. Lecciones Instructor - CRUD"],"duration":0,"failing":false,"failureDetails":[],"failureMessages":[],"fullName":"2. Lecciones Instructor - CRUD 2.7 PUT - Actualizar lección","invocations":1,"location":null,"numPassingAsserts":1,"retryReasons":[],"startAt":1777550208391,"status":"passed","title":"2.7 PUT - Actualizar lección"},{"ancestorTitles":["2. Lecciones Instructor - CRUD"],"duration":0,"failing":false,"failureDetails":[],"failureMessages":[],"fullName":"2. Lecciones Instructor - CRUD 2.8 PUT - Verificar propiedad del curso","invocations":1,"location":null,"numPassingAsserts":1,"retryReasons":[],"startAt":1777550208391,"status":"passed","title":"2.8 PUT - Verificar propiedad del curso"},{"ancestorTitles":["2. Lecciones Instructor - CRUD"],"duration":1,"failing":false,"failureDetails":[],"failureMessages":[],"fullName":"2. Lecciones Instructor - CRUD 2.9 DELETE - Eliminar lección","invocations":1,"location":null,"numPassingAsserts":1,"retryReasons":[],"startAt":1777550208391,"status":"passed","title":"2.9 DELETE - Eliminar lección"},{"ancestorTitles":["2. Lecciones Instructor - CRUD"],"duration":0,"failing":false,"failureDetails":[],"failureMessages":[],"fullName":"2. Lecciones Instructor - CRUD 2.10 DELETE - Verificar tareas asociadas","invocations":1,"location":null,"numPassingAsserts":1,"retryReasons":[],"startAt":1777550208392,"status":"passed","title":"2.10 DELETE - Verificar tareas asociadas"},{"ancestorTitles":["3. Tareas Instructor - CRUD"],"duration":0,"failing":false,"failureDetails":[],"failureMessages":[],"fullName":"3. Tareas Instructor - CRUD 3.1 POST - Crear tarea exitosa","invocations":1,"location":null,"numPassingAsserts":1,"retryReasons":[],"startAt":1777550208392,"status":"passed","title":"3.1 POST - Crear tarea exitosa"},{"ancestorTitles":["3. Tareas Instructor - CRUD"],"duration":1,"failing":false,"failureDetails":[],"failureMessages":[],"fullName":"3. Tareas Instructor - CRUD 3.2 POST - Validar título no vacío","invocations":1,"location":null,"numPassingAsserts":1,"retryReasons":[],"startAt":1777550208392,"status":"passed","title":"3.2 POST - Validar título no vacío"},{"ancestorTitles":["3. Tareas Instructor - CRUD"],"duration":0,"failing":false,"failureDetails":[],"failureMessages":[],"fullName":"3. Tareas Instructor - CRUD 3.3 POST - Validar max_score > 0","invocations":1,"location":null,"numPassingAsserts":1,"retryReasons":[],"startAt":1777550208393,"status":"passed","title":"3.3 POST - Validar max_score > 0"},{"ancestorTitles":["3. Tareas Instructor - CRUD"],"duration":0,"failing":false,"failureDetails":[],"failureMessages":[],"fullName":"3. Tareas Instructor - CRUD 3.4 POST - Validar passing_score <= max_score","invocations":1,"location":null,"numPassingAsserts":1,"retryReasons":[],"startAt":1777550208393,"status":"passed","title":"3.4 POST - Validar passing_score <= max_score"},{"ancestorTitles":["3. Tareas Instructor - CRUD"],"duration":0,"failing":false,"failureDetails":[],"failureMessages":[],"fullName":"3. Tareas Instructor - CRUD 3.5 GET - Obtener tareas del curso","invocations":1,"location":null,"numPassingAsserts":1,"retryReasons":[],"startAt":1777550208393,"status":"passed","title":"3.5 GET - Obtener tareas del curso"},{"ancestorTitles":["3. Tareas Instructor - CRUD"],"duration":1,"failing":false,"failureDetails":[],"failureMessages":[],"fullName":"3. Tareas Instructor - CRUD 3.6 GET - Obtener tarea por ID","invocations":1,"location":null,"numPassingAsserts":1,"retryReasons":[],"startAt":1777550208393,"status":"passed","title":"3.6 GET - Obtener tarea por ID"},{"ancestorTitles":["3. Tareas Instructor - CRUD"],"duration":0,"failing":false,"failureDetails":[],"failureMessages":[],"fullName":"3. Tareas Instructor - CRUD 3.7 GET - Filtrar por fecha límite","invocations":1,"location":null,"numPassingAsserts":1,"retryReasons":[],"startAt":1777550208394,"status":"passed","title":"3.7 GET - Filtrar por fecha límite"},{"ancestorTitles":["3. Tareas Instructor - CRUD"],"duration":1,"failing":false,"failureDetails":[],"failureMessages":[],"fullName":"3. Tareas Instructor - CRUD 3.8 PUT - Actualizar tarea","invocations":1,"location":null,"numPassingAsserts":1,"retryReasons":[],"startAt":1777550208394,"status":"passed","title":"3.8 PUT - Actualizar tarea"},{"ancestorTitles":["3. Tareas Instructor - CRUD"],"duration":0,"failing":false,"failureDetails":[],"failureMessages":[],"fullName":"3. Tareas Instructor - CRUD 3.9 PUT - Verificar entregas calificadas","invocations":1,"location":null,"numPassingAsserts":1,"retryReasons":[],"startAt":1777550208395,"status":"passed","title":"3.9 PUT - Verificar entregas calificadas"},{"ancestorTitles":["3. Tareas Instructor - CRUD"],"duration":0,"failing":false,"failureDetails":[],"failureMessages":[],"fullName":"3. Tareas Instructor - CRUD 3.10 DELETE - Eliminar tarea","invocations":1,"location":null,"numPassingAsserts":1,"retryReasons":[],"startAt":1777550208395,"status":"passed","title":"3.10 DELETE - Eliminar tarea"},{"ancestorTitles":["4. Cursos Usuario Normal - Ver y Añadir"],"duration":0,"failing":false,"failureDetails":[],"failureMessages":[],"fullName":"4. Cursos Usuario Normal - Ver y Añadir 4.1 GET - Ver cursos publicados","invocations":1,"location":null,"numPassingAsserts":1,"retryReasons":[],"startAt":1777550208395,"status":"passed","title":"4.1 GET - Ver cursos publicados"},{"ancestorTitles":["4. Cursos Usuario Normal - Ver y Añadir"],"duration":1,"failing":false,"failureDetails":[],"failureMessages":[],"fullName":"4. Cursos Usuario Normal - Ver y Añadir 4.2 GET - Filtrar por categoría","invocations":1,"location":null,"numPassingAsserts":1,"retryReasons":[],"startAt":1777550208395,"status":"passed","title":"4.2 GET - Filtrar por categoría"},{"ancestorTitles":["4. Cursos Usuario Normal - Ver y Añadir"],"duration":0,"failing":false,"failureDetails":[],"failureMessages":[],"fullName":"4. Cursos Usuario Normal - Ver y Añadir 4.3 GET - Ordenar por rating","invocations":1,"location":null,"numPassingAsserts":1,"retryReasons":[],"startAt":1777550208396,"status":"passed","title":"4.3 GET - Ordenar por rating"},{"ancestorTitles":["4. Cursos Usuario Normal - Ver y Añadir"],"duration":0,"failing":false,"failureDetails":[],"failureMessages":[],"fullName":"4. Cursos Usuario Normal - Ver y Añadir 4.4 GET - Ver información del instructor","invocations":1,"location":null,"numPassingAsserts":1,"retryReasons":[],"startAt":1777550208396,"status":"passed","title":"4.4 GET - Ver información del instructor"},{"ancestorTitles":["4. Cursos Usuario Normal - Ver y Añadir"],"duration":0,"failing":false,"failureDetails":[],"failureMessages":[],"fullName":"4. Cursos Usuario Normal - Ver y Añadir 4.5 POST - Inscribirse en curso","invocations":1,"location":null,"numPassingAsserts":1,"retryReasons":[],"startAt":1777550208396,"status":"passed","title":"4.5 POST - Inscribirse en curso"},{"ancestorTitles":["4. Cursos Usuario Normal - Ver y Añadir"],"duration":1,"failing":false,"failureDetails":[],"failureMessages":[],"fullName":"4. Cursos Usuario Normal - Ver y Añadir 4.6 POST - Verificar autenticación","invocations":1,"location":null,"numPassingAsserts":1,"retryReasons":[],"startAt":1777550208396,"status":"passed","title":"4.6 POST - Verificar autenticación"},{"ancestorTitles":["4. Cursos Usuario Normal - Ver y Añadir"],"duration":0,"failing":false,"failureDetails":[],"failureMessages":[],"fullName":"4. Cursos Usuario Normal - Ver y Añadir 4.7 POST - Verificar no inscripción previa","invocations":1,"location":null,"numPassingAsserts":1,"retryReasons":[],"startAt":1777550208397,"status":"passed","title":"4.7 POST - Verificar no inscripción previa"},{"ancestorTitles":["4. Cursos Usuario Normal - Ver y Añadir"],"duration":0,"failing":false,"failureDetails":[],"failureMessages":[],"fullName":"4. Cursos Usuario Normal - Ver y Añadir 4.8 POST - Rechazar si ya inscrito","invocations":1,"location":null,"numPassingAsserts":1,"retryReasons":[],"startAt":1777550208397,"status":"passed","title":"4.8 POST - Rechazar si ya inscrito"},{"ancestorTitles":["5. Reseñas - Crear y Gestionar"],"duration":0,"failing":false,"failureDetails":[],"failureMessages":[],"fullName":"5. Reseñas - Crear y Gestionar 5.1 GET - Ver reseñas del curso","invocations":1,"location":null,"numPassingAsserts":1,"retryReasons":[],"startAt":1777550208397,"status":"passed","title":"5.1 GET - Ver reseñas del curso"},{"ancestorTitles":["5. Reseñas - Crear y Gestionar"],"duration":1,"failing":false,"failureDetails":[],"failureMessages":[],"fullName":"5. Reseñas - Crear y Gestionar 5.2 GET - Calcular promedio de rating","invocations":1,"location":null,"numPassingAsserts":1,"retryReasons":[],"startAt":1777550208397,"status":"passed","title":"5.2 GET - Calcular promedio de rating"},{"ancestorTitles":["5. Reseñas - Crear y Gestionar"],"duration":0,"failing":false,"failureDetails":[],"failureMessages":[],"fullName":"5. Reseñas - Crear y Gestionar 5.3 GET - Contar reseñas helpful","invocations":1,"location":null,"numPassingAsserts":1,"retryReasons":[],"startAt":1777550208399,"status":"passed","title":"5.3 GET - Contar reseñas helpful"},{"ancestorTitles":["5. Reseñas - Crear y Gestionar"],"duration":0,"failing":false,"failureDetails":[],"failureMessages":[],"fullName":"5. Reseñas - Crear y Gestionar 5.4 POST - Crear reseña exitosa","invocations":1,"location":null,"numPassingAsserts":1,"retryReasons":[],"startAt":1777550208399,"status":"passed","title":"5.4 POST - Crear reseña exitosa"},{"ancestorTitles":["5. Reseñas - Crear y Gestionar"],"duration":0,"failing":false,"failureDetails":[],"failureMessages":[],"fullName":"5. Reseñas - Crear y Gestionar 5.5 POST - Validar rating entre 1-5","invocations":1,"location":null,"numPassingAsserts":1,"retryReasons":[],"startAt":1777550208400,"status":"passed","title":"5.5 POST - Validar rating entre 1-5"},{"ancestorTitles":["5. Reseñas - Crear y Gestionar"],"duration":0,"failing":false,"failureDetails":[],"failureMessages":[],"fullName":"5. Reseñas - Crear y Gestionar 5.6 POST - Validar usuario autenticado","invocations":1,"location":null,"numPassingAsserts":2,"retryReasons":[],"startAt":1777550208400,"status":"passed","title":"5.6 POST - Validar usuario autenticado"},{"ancestorTitles":["5. Reseñas - Crear y Gestionar"],"duration":0,"failing":false,"failureDetails":[],"failureMessages":[],"fullName":"5. Reseñas - Crear y Gestionar 5.7 POST - Verificar no reseña previa","invocations":1,"location":null,"numPassingAsserts":1,"retryReasons":[],"startAt":1777550208400,"status":"passed","title":"5.7 POST - Verificar no reseña previa"},{"ancestorTitles":["5. Reseñas - Crear y Gestionar"],"duration":1,"failing":false,"failureDetails":[],"failureMessages":[],"fullName":"5. Reseñas - Crear y Gestionar 5.8 PUT - Actualizar reseña","invocations":1,"location":null,"numPassingAsserts":1,"retryReasons":[],"startAt":1777550208400,"status":"passed","title":"5.8 PUT - Actualizar reseña"},{"ancestorTitles":["5. Reseñas - Crear y Gestionar"],"duration":0,"failing":false,"failureDetails":[],"failureMessages":[],"fullName":"5. Reseñas - Crear y Gestionar 5.9 PUT - Verificar propiedad de reseña","invocations":1,"location":null,"numPassingAsserts":1,"retryReasons":[],"startAt":1777550208401,"status":"passed","title":"5.9 PUT - Verificar propiedad de reseña"},{"ancestorTitles":["5. Reseñas - Crear y Gestionar"],"duration":0,"failing":false,"failureDetails":[],"failureMessages":[],"fullName":"5. Reseñas - Crear y Gestionar 5.10 DELETE - Eliminar reseña","invocations":1,"location":null,"numPassingAsserts":1,"retryReasons":[],"startAt":1777550208401,"status":"passed","title":"5.10 DELETE - Eliminar reseña"}],"endTime":1777550208403,"message":"","name":"/workspace/ajayu1/src/__tests__/simple_unit_tests.test.ts","startTime":1777550207753,"status":"passed","summary":""}],"wasInterrupted":false}
